   1              		.cpu cortex-m4
   2              		.eabi_attribute 20, 1
   3              		.eabi_attribute 21, 1
   4              		.eabi_attribute 23, 3
   5              		.eabi_attribute 24, 1
   6              		.eabi_attribute 25, 1
   7              		.eabi_attribute 26, 1
   8              		.eabi_attribute 30, 6
   9              		.eabi_attribute 34, 1
  10              		.eabi_attribute 18, 4
  11              		.file	"reduce.c"
  12              		.text
  13              	.Ltext0:
  14              		.cfi_sections	.debug_frame
  15              		.section	.text.pqcrystals_dilithium2_refmontgomery_reduce,"ax",%progbits
  16              		.align	1
  17              		.global	pqcrystals_dilithium2_refmontgomery_reduce
  18              		.arch armv7e-m
  19              		.syntax unified
  20              		.thumb
  21              		.thumb_func
  22              		.fpu softvfp
  24              	pqcrystals_dilithium2_refmontgomery_reduce:
  25              	.LFB0:
  26              		.file 1 "reduce.c"
   1:reduce.c      **** #include <stdint.h>
   2:reduce.c      **** #include "params.h"
   3:reduce.c      **** #include "reduce.h"
   4:reduce.c      **** 
   5:reduce.c      **** /*************************************************
   6:reduce.c      **** * Name:        montgomery_reduce
   7:reduce.c      **** *
   8:reduce.c      **** * Description: For finite field element a with -2^{31}Q <= a <= Q*2^31,
   9:reduce.c      **** *              compute r \equiv a*2^{-32} (mod Q) such that -Q < r < Q.
  10:reduce.c      **** *
  11:reduce.c      **** * Arguments:   - int64_t: finite field element a
  12:reduce.c      **** *
  13:reduce.c      **** * Returns r.
  14:reduce.c      **** **************************************************/
  15:reduce.c      **** int32_t montgomery_reduce(int64_t a) {
  27              		.loc 1 15 38
  28              		.cfi_startproc
  29              		@ args = 0, pretend = 0, frame = 24
  30              		@ frame_needed = 1, uses_anonymous_args = 0
  31              		@ link register save eliminated.
  32 0000 2DE9B00F 		push	{r4, r5, r7, r8, r9, r10, fp}
  33              	.LCFI0:
  34              		.cfi_def_cfa_offset 28
  35              		.cfi_offset 4, -28
  36              		.cfi_offset 5, -24
  37              		.cfi_offset 7, -20
  38              		.cfi_offset 8, -16
  39              		.cfi_offset 9, -12
  40              		.cfi_offset 10, -8
  41              		.cfi_offset 11, -4
  42 0004 87B0     		sub	sp, sp, #28
  43              	.LCFI1:
  44              		.cfi_def_cfa_offset 56
  45 0006 00AF     		add	r7, sp, #0
  46              	.LCFI2:
  47              		.cfi_def_cfa_register 7
  48 0008 C7E90201 		strd	r0, [r7, #8]
  16:reduce.c      ****   int32_t t;
  17:reduce.c      **** 
  18:reduce.c      ****   t = (int64_t)(int32_t)a*QINV;
  49              		.loc 1 18 16
  50 000c B868     		ldr	r0, [r7, #8]
  51              		.loc 1 18 26
  52 000e 0146     		mov	r1, r0
  53 0010 C900     		lsls	r1, r1, #3
  54 0012 091A     		subs	r1, r1, r0
  55 0014 8902     		lsls	r1, r1, #10
  56 0016 0144     		add	r1, r1, r0
  57 0018 4903     		lsls	r1, r1, #13
  58 001a 0144     		add	r1, r1, r0
  59              		.loc 1 18 5
  60 001c 7961     		str	r1, [r7, #20]
  19:reduce.c      ****   t = (a - (int64_t)t*Q) >> 32;
  61              		.loc 1 19 12
  62 001e 7969     		ldr	r1, [r7, #20]
  63 0020 C817     		asrs	r0, r1, #31
  64 0022 0C46     		mov	r4, r1
  65 0024 0546     		mov	r5, r0
  66              		.loc 1 19 22
  67 0026 C7E90045 		strd	r4, [r7]
  68 002a 4FF00000 		mov	r0, #0
  69 002e 4FF00001 		mov	r1, #0
  70 0032 A902     		lsls	r1, r5, #10
  71 0034 41EA9451 		orr	r1, r1, r4, lsr #22
  72 0038 A002     		lsls	r0, r4, #10
  73 003a D7F800C0 		ldr	ip, [r7]
  74 003e BCEB0002 		subs	r2, ip, r0
  75 0042 D7F804C0 		ldr	ip, [r7, #4]
  76 0046 6CEB0103 		sbc	r3, ip, r1
  77 004a 4FF00000 		mov	r0, #0
  78 004e 4FF00001 		mov	r1, #0
  79 0052 5903     		lsls	r1, r3, #13
  80 0054 41EAD241 		orr	r1, r1, r2, lsr #19
  81 0058 5003     		lsls	r0, r2, #13
  82 005a 0246     		mov	r2, r0
  83 005c 0B46     		mov	r3, r1
  84 005e B2EB040A 		subs	r10, r2, r4
  85 0062 63EB050B 		sbc	fp, r3, r5
  86              		.loc 1 19 10
  87 0066 D7E90223 		ldrd	r2, [r7, #8]
  88 006a 1AEB0208 		adds	r8, r10, r2
  89 006e 4BEB0309 		adc	r9, fp, r3
  90              		.loc 1 19 26
  91 0072 4FF00002 		mov	r2, #0
  92 0076 4FF00003 		mov	r3, #0
  93 007a 4A46     		mov	r2, r9
  94 007c 4FEAE973 		asr	r3, r9, #31
  95              		.loc 1 19 5
  96 0080 1346     		mov	r3, r2
  97 0082 7B61     		str	r3, [r7, #20]
  20:reduce.c      ****   return t;
  98              		.loc 1 20 10
  99 0084 7B69     		ldr	r3, [r7, #20]
  21:reduce.c      **** }
 100              		.loc 1 21 1
 101 0086 1846     		mov	r0, r3
 102 0088 1C37     		adds	r7, r7, #28
 103              	.LCFI3:
 104              		.cfi_def_cfa_offset 28
 105 008a BD46     		mov	sp, r7
 106              	.LCFI4:
 107              		.cfi_def_cfa_register 13
 108              		@ sp needed
 109 008c BDE8B00F 		pop	{r4, r5, r7, r8, r9, r10, fp}
 110              	.LCFI5:
 111              		.cfi_restore 11
 112              		.cfi_restore 10
 113              		.cfi_restore 9
 114              		.cfi_restore 8
 115              		.cfi_restore 7
 116              		.cfi_restore 5
 117              		.cfi_restore 4
 118              		.cfi_def_cfa_offset 0
 119 0090 7047     		bx	lr
 120              		.cfi_endproc
 121              	.LFE0:
 123              		.section	.text.pqcrystals_dilithium2_refreduce32,"ax",%progbits
 124              		.align	1
 125              		.global	pqcrystals_dilithium2_refreduce32
 126              		.syntax unified
 127              		.thumb
 128              		.thumb_func
 129              		.fpu softvfp
 131              	pqcrystals_dilithium2_refreduce32:
 132              	.LFB1:
  22:reduce.c      **** 
  23:reduce.c      **** /*************************************************
  24:reduce.c      **** * Name:        reduce32
  25:reduce.c      **** *
  26:reduce.c      **** * Description: For finite field element a with a <= 2^{31} - 2^{22} - 1,
  27:reduce.c      **** *              compute r \equiv a (mod Q) such that -6283009 <= r <= 6283007.
  28:reduce.c      **** *
  29:reduce.c      **** * Arguments:   - int32_t: finite field element a
  30:reduce.c      **** *
  31:reduce.c      **** * Returns r.
  32:reduce.c      **** **************************************************/
  33:reduce.c      **** int32_t reduce32(int32_t a) {
 133              		.loc 1 33 29
 134              		.cfi_startproc
 135              		@ args = 0, pretend = 0, frame = 16
 136              		@ frame_needed = 1, uses_anonymous_args = 0
 137              		@ link register save eliminated.
 138 0000 80B4     		push	{r7}
 139              	.LCFI6:
 140              		.cfi_def_cfa_offset 4
 141              		.cfi_offset 7, -4
 142 0002 85B0     		sub	sp, sp, #20
 143              	.LCFI7:
 144              		.cfi_def_cfa_offset 24
 145 0004 00AF     		add	r7, sp, #0
 146              	.LCFI8:
 147              		.cfi_def_cfa_register 7
 148 0006 7860     		str	r0, [r7, #4]
  34:reduce.c      ****   int32_t t;
  35:reduce.c      **** 
  36:reduce.c      ****   t = (a + (1 << 22)) >> 23;
 149              		.loc 1 36 10
 150 0008 7B68     		ldr	r3, [r7, #4]
 151 000a 03F58003 		add	r3, r3, #4194304
 152              		.loc 1 36 5
 153 000e DB15     		asrs	r3, r3, #23
 154 0010 FB60     		str	r3, [r7, #12]
  37:reduce.c      ****   t = a - t*Q;
 155              		.loc 1 37 12
 156 0012 FA68     		ldr	r2, [r7, #12]
 157 0014 1346     		mov	r3, r2
 158 0016 5B02     		lsls	r3, r3, #9
 159 0018 9B1A     		subs	r3, r3, r2
 160 001a 9B02     		lsls	r3, r3, #10
 161 001c 1344     		add	r3, r3, r2
 162 001e 5B03     		lsls	r3, r3, #13
 163 0020 9B1A     		subs	r3, r3, r2
 164              		.loc 1 37 5
 165 0022 7A68     		ldr	r2, [r7, #4]
 166 0024 1344     		add	r3, r3, r2
 167 0026 FB60     		str	r3, [r7, #12]
  38:reduce.c      ****   return t;
 168              		.loc 1 38 10
 169 0028 FB68     		ldr	r3, [r7, #12]
  39:reduce.c      **** }
 170              		.loc 1 39 1
 171 002a 1846     		mov	r0, r3
 172 002c 1437     		adds	r7, r7, #20
 173              	.LCFI9:
 174              		.cfi_def_cfa_offset 4
 175 002e BD46     		mov	sp, r7
 176              	.LCFI10:
 177              		.cfi_def_cfa_register 13
 178              		@ sp needed
 179 0030 80BC     		pop	{r7}
 180              	.LCFI11:
 181              		.cfi_restore 7
 182              		.cfi_def_cfa_offset 0
 183 0032 7047     		bx	lr
 184              		.cfi_endproc
 185              	.LFE1:
 187              		.section	.text.pqcrystals_dilithium2_refcaddq,"ax",%progbits
 188              		.align	1
 189              		.global	pqcrystals_dilithium2_refcaddq
 190              		.syntax unified
 191              		.thumb
 192              		.thumb_func
 193              		.fpu softvfp
 195              	pqcrystals_dilithium2_refcaddq:
 196              	.LFB2:
  40:reduce.c      **** 
  41:reduce.c      **** /*************************************************
  42:reduce.c      **** * Name:        caddq
  43:reduce.c      **** *
  44:reduce.c      **** * Description: Add Q if input coefficient is negative.
  45:reduce.c      **** *
  46:reduce.c      **** * Arguments:   - int32_t: finite field element a
  47:reduce.c      **** *
  48:reduce.c      **** * Returns r.
  49:reduce.c      **** **************************************************/
  50:reduce.c      **** int32_t caddq(int32_t a) {
 197              		.loc 1 50 26
 198              		.cfi_startproc
 199              		@ args = 0, pretend = 0, frame = 8
 200              		@ frame_needed = 1, uses_anonymous_args = 0
 201              		@ link register save eliminated.
 202 0000 80B4     		push	{r7}
 203              	.LCFI12:
 204              		.cfi_def_cfa_offset 4
 205              		.cfi_offset 7, -4
 206 0002 83B0     		sub	sp, sp, #12
 207              	.LCFI13:
 208              		.cfi_def_cfa_offset 16
 209 0004 00AF     		add	r7, sp, #0
 210              	.LCFI14:
 211              		.cfi_def_cfa_register 7
 212 0006 7860     		str	r0, [r7, #4]
  51:reduce.c      ****   a += (a >> 31) & Q;
 213              		.loc 1 51 11
 214 0008 7B68     		ldr	r3, [r7, #4]
 215 000a DA17     		asrs	r2, r3, #31
 216              		.loc 1 51 18
 217 000c 054B     		ldr	r3, .L7
 218 000e 1340     		ands	r3, r3, r2
 219              		.loc 1 51 5
 220 0010 7A68     		ldr	r2, [r7, #4]
 221 0012 1344     		add	r3, r3, r2
 222 0014 7B60     		str	r3, [r7, #4]
  52:reduce.c      ****   return a;
 223              		.loc 1 52 10
 224 0016 7B68     		ldr	r3, [r7, #4]
  53:reduce.c      **** }
 225              		.loc 1 53 1
 226 0018 1846     		mov	r0, r3
 227 001a 0C37     		adds	r7, r7, #12
 228              	.LCFI15:
 229              		.cfi_def_cfa_offset 4
 230 001c BD46     		mov	sp, r7
 231              	.LCFI16:
 232              		.cfi_def_cfa_register 13
 233              		@ sp needed
 234 001e 80BC     		pop	{r7}
 235              	.LCFI17:
 236              		.cfi_restore 7
 237              		.cfi_def_cfa_offset 0
 238 0020 7047     		bx	lr
 239              	.L8:
 240 0022 00BF     		.align	2
 241              	.L7:
 242 0024 01E07F00 		.word	8380417
 243              		.cfi_endproc
 244              	.LFE2:
 246              		.section	.text.pqcrystals_dilithium2_reffreeze,"ax",%progbits
 247              		.align	1
 248              		.global	pqcrystals_dilithium2_reffreeze
 249              		.syntax unified
 250              		.thumb
 251              		.thumb_func
 252              		.fpu softvfp
 254              	pqcrystals_dilithium2_reffreeze:
 255              	.LFB3:
  54:reduce.c      **** 
  55:reduce.c      **** /*************************************************
  56:reduce.c      **** * Name:        freeze
  57:reduce.c      **** *
  58:reduce.c      **** * Description: For finite field element a, compute standard
  59:reduce.c      **** *              representative r = a mod^+ Q.
  60:reduce.c      **** *
  61:reduce.c      **** * Arguments:   - int32_t: finite field element a
  62:reduce.c      **** *
  63:reduce.c      **** * Returns r.
  64:reduce.c      **** **************************************************/
  65:reduce.c      **** int32_t freeze(int32_t a) {
 256              		.loc 1 65 27
 257              		.cfi_startproc
 258              		@ args = 0, pretend = 0, frame = 8
 259              		@ frame_needed = 1, uses_anonymous_args = 0
 260 0000 80B5     		push	{r7, lr}
 261              	.LCFI18:
 262              		.cfi_def_cfa_offset 8
 263              		.cfi_offset 7, -8
 264              		.cfi_offset 14, -4
 265 0002 82B0     		sub	sp, sp, #8
 266              	.LCFI19:
 267              		.cfi_def_cfa_offset 16
 268 0004 00AF     		add	r7, sp, #0
 269              	.LCFI20:
 270              		.cfi_def_cfa_register 7
 271 0006 7860     		str	r0, [r7, #4]
  66:reduce.c      ****   a = reduce32(a);
 272              		.loc 1 66 7
 273 0008 7868     		ldr	r0, [r7, #4]
 274 000a FFF7FEFF 		bl	pqcrystals_dilithium2_refreduce32
 275 000e 7860     		str	r0, [r7, #4]
  67:reduce.c      ****   a = caddq(a);
 276              		.loc 1 67 7
 277 0010 7868     		ldr	r0, [r7, #4]
 278 0012 FFF7FEFF 		bl	pqcrystals_dilithium2_refcaddq
 279 0016 7860     		str	r0, [r7, #4]
  68:reduce.c      ****   return a;
 280              		.loc 1 68 10
 281 0018 7B68     		ldr	r3, [r7, #4]
  69:reduce.c      **** }
 282              		.loc 1 69 1
 283 001a 1846     		mov	r0, r3
 284 001c 0837     		adds	r7, r7, #8
 285              	.LCFI21:
 286              		.cfi_def_cfa_offset 8
 287 001e BD46     		mov	sp, r7
 288              	.LCFI22:
 289              		.cfi_def_cfa_register 13
 290              		@ sp needed
 291 0020 80BD     		pop	{r7, pc}
 292              		.cfi_endproc
 293              	.LFE3:
 295              		.text
 296              	.Letext0:
 297              		.file 2 "/usr/lib/gcc/arm-none-eabi/10.3.1/include/stdint.h"
DEFINED SYMBOLS
                            *ABS*:0000000000000000 reduce.c
     /tmp/ccNzST6C.s:16     .text.pqcrystals_dilithium2_refmontgomery_reduce:0000000000000000 $t
     /tmp/ccNzST6C.s:24     .text.pqcrystals_dilithium2_refmontgomery_reduce:0000000000000000 pqcrystals_dilithium2_refmontgomery_reduce
     /tmp/ccNzST6C.s:124    .text.pqcrystals_dilithium2_refreduce32:0000000000000000 $t
     /tmp/ccNzST6C.s:131    .text.pqcrystals_dilithium2_refreduce32:0000000000000000 pqcrystals_dilithium2_refreduce32
     /tmp/ccNzST6C.s:188    .text.pqcrystals_dilithium2_refcaddq:0000000000000000 $t
     /tmp/ccNzST6C.s:195    .text.pqcrystals_dilithium2_refcaddq:0000000000000000 pqcrystals_dilithium2_refcaddq
     /tmp/ccNzST6C.s:242    .text.pqcrystals_dilithium2_refcaddq:0000000000000024 $d
     /tmp/ccNzST6C.s:247    .text.pqcrystals_dilithium2_reffreeze:0000000000000000 $t
     /tmp/ccNzST6C.s:254    .text.pqcrystals_dilithium2_reffreeze:0000000000000000 pqcrystals_dilithium2_reffreeze

NO UNDEFINED SYMBOLS
